Using pre-set license
Built from '2022.3/staging' branch; Version is '2022.3.21f1 (bf09ca542b87) revision 12519882'; Using compiler version '192829333'; Build Type 'Release'
OS: 'Windows 11  (10.0.26100) 64bit Core' Language: 'en' Physical Memory: 7987 MB
BatchMode: 1, IsHumanControllingUs: 0, StartBugReporterOnCrash: 0, Is64bit: 1, IsPro: 1

COMMAND LINE ARGUMENTS:
C:\Program Files\Unity\Hub\Editor\2022.3.21f1\Editor\Unity.exe
-adb2
-batchMode
-noUpm
-name
AssetImportWorker0
-projectPath
C:/Users/najno/OneDrive/Dokumenty/GitHub/Praca_inzynierka/Praca_inzynierska
-logFile
Logs/AssetImportWorker0.log
-srvPort
50093
Successfully changed project path to: C:/Users/najno/OneDrive/Dokumenty/GitHub/Praca_inzynierka/Praca_inzynierska
C:/Users/najno/OneDrive/Dokumenty/GitHub/Praca_inzynierka/Praca_inzynierska
[UnityMemory] Configuration Parameters - Can be set up in boot.config
    "memorysetup-bucket-allocator-granularity=16"
    "memorysetup-bucket-allocator-bucket-count=8"
    "memorysetup-bucket-allocator-block-size=33554432"
    "memorysetup-bucket-allocator-block-count=8"
    "memorysetup-main-allocator-block-size=16777216"
    "memorysetup-thread-allocator-block-size=16777216"
    "memorysetup-gfx-main-allocator-block-size=16777216"
    "memorysetup-gfx-thread-allocator-block-size=16777216"
    "memorysetup-cache-allocator-block-size=4194304"
    "memorysetup-typetree-allocator-block-size=2097152"
    "memorysetup-profiler-bucket-allocator-granularity=16"
    "memorysetup-profiler-bucket-allocator-bucket-count=8"
    "memorysetup-profiler-bucket-allocator-block-size=33554432"
    "memorysetup-profiler-bucket-allocator-block-count=8"
    "memorysetup-profiler-allocator-block-size=16777216"
    "memorysetup-profiler-editor-allocator-block-size=1048576"
    "memorysetup-temp-allocator-size-main=16777216"
    "memorysetup-job-temp-allocator-block-size=2097152"
    "memorysetup-job-temp-allocator-block-size-background=1048576"
    "memorysetup-job-temp-allocator-reduction-small-platforms=262144"
    "memorysetup-allocator-temp-initial-block-size-main=262144"
    "memorysetup-allocator-temp-initial-block-size-worker=262144"
    "memorysetup-temp-allocator-size-background-worker=32768"
    "memorysetup-temp-allocator-size-job-worker=262144"
    "memorysetup-temp-allocator-size-preload-manager=33554432"
    "memorysetup-temp-allocator-size-nav-mesh-worker=65536"
    "memorysetup-temp-allocator-size-audio-worker=65536"
    "memorysetup-temp-allocator-size-cloud-worker=32768"
    "memorysetup-temp-allocator-size-gi-baking-worker=262144"
    "memorysetup-temp-allocator-size-gfx=262144"
Player connection [30220] Host "[IP] 10.5.0.2 [Port] 0 [Flags] 2 [Guid] 2839281244 [EditorId] 2839281244 [Version] 1048832 [Id] WindowsEditor(7,LAPTOP-61L5TQ07) [Debug] 1 [PackageName] WindowsEditor [ProjectName] Editor" joined multi-casting on [225.0.0.222:54997]...

Player connection [30220] Host "[IP] 10.5.0.2 [Port] 0 [Flags] 2 [Guid] 2839281244 [EditorId] 2839281244 [Version] 1048832 [Id] WindowsEditor(7,LAPTOP-61L5TQ07) [Debug] 1 [PackageName] WindowsEditor [ProjectName] Editor" joined alternative multi-casting on [225.0.0.222:34997]...

[Physics::Module] Initialized MultithreadedJobDispatcher with 7 workers.
Refreshing native plugins compatible for Editor in 437.91 ms, found 3 plugins.
Preloading 0 native plugins for Editor in 0.00 ms.
Initialize engine version: 2022.3.21f1 (bf09ca542b87)
[Subsystems] Discovering subsystems at path C:/Program Files/Unity/Hub/Editor/2022.3.21f1/Editor/Data/Resources/UnitySubsystems
[Subsystems] Discovering subsystems at path C:/Users/najno/OneDrive/Dokumenty/GitHub/Praca_inzynierka/Praca_inzynierska/Assets
GfxDevice: creating device client; threaded=0; jobified=0
Direct3D:
    Version:  Direct3D 11.0 [level 11.1]
    Renderer: Intel(R) Iris(R) Xe Graphics (ID=0x9a49)
    Vendor:   Intel
    VRAM:     3993 MB
    Driver:   30.0.101.1960
Initialize mono
Mono path[0] = 'C:/Program Files/Unity/Hub/Editor/2022.3.21f1/Editor/Data/Managed'
Mono path[1] = 'C:/Program Files/Unity/Hub/Editor/2022.3.21f1/Editor/Data/MonoBleedingEdge/lib/mono/unityjit-win32'
Mono config path = 'C:/Program Files/Unity/Hub/Editor/2022.3.21f1/Editor/Data/MonoBleedingEdge/etc'
Using monoOptions --debugger-agent=transport=dt_socket,embedding=1,server=y,suspend=n,address=127.0.0.1:56972
Begin MonoManager ReloadAssembly
Registering precompiled unity dll's ...
Register platform support module: C:/Program Files/Unity/Hub/Editor/2022.3.21f1/Editor/Data/PlaybackEngines/WindowsStandaloneSupport/UnityEditor.WindowsStandalone.Extensions.dll
Registered in 0.021021 seconds.
- Loaded All Assemblies, in  1.417 seconds
Native extension for WindowsStandalone target not found
Mono: successfully reloaded assembly
- Finished resetting the current domain, in  0.502 seconds
Domain Reload Profiling: 1917ms
	BeginReloadAssembly (207ms)
		ExecutionOrderSort (0ms)
		DisableScriptedObjects (0ms)
		BackupInstance (0ms)
		ReleaseScriptingObjects (0ms)
		CreateAndSetChildDomain (2ms)
	RebuildCommonClasses (73ms)
	RebuildNativeTypeToScriptingClass (14ms)
	initialDomainReloadingComplete (157ms)
	LoadAllAssembliesAndSetupDomain (963ms)
		LoadAssemblies (200ms)
		RebuildTransferFunctionScriptingTraits (0ms)
		AnalyzeDomain (956ms)
			TypeCache.Refresh (953ms)
				TypeCache.ScanAssembly (934ms)
			ScanForSourceGeneratedMonoScriptInfo (0ms)
			ResolveRequiredComponents (1ms)
	FinalizeReload (503ms)
		ReleaseScriptCaches (0ms)
		RebuildScriptCaches (0ms)
		SetupLoadedEditorAssemblies (405ms)
			LogAssemblyErrors (0ms)
			InitializePlatformSupportModulesInManaged (18ms)
			SetLoadedEditorAssemblies (12ms)
			RefreshPlugins (0ms)
			BeforeProcessingInitializeOnLoad (4ms)
			ProcessInitializeOnLoadAttributes (263ms)
			ProcessInitializeOnLoadMethodAttributes (107ms)
			AfterProcessingInitializeOnLoad (0ms)
			EditorAssembliesLoaded (0ms)
		ExecutionOrderSort2 (0ms)
		AwakeInstancesAfterBackupRestoration (0ms)
========================================================================
Worker process is ready to serve import requests
Begin MonoManager ReloadAssembly
- Loaded All Assemblies, in  8.609 seconds
Refreshing native plugins compatible for Editor in 5.94 ms, found 3 plugins.
Native extension for WindowsStandalone target not found
Package Manager log level set to [2]
[Package Manager] Server::EnsureServerProcessIsRunning -- launch failed, reason: Unity was launched with the -noUpm command-line argument
[Package Manager] UpmClient::Send -- Unable to send message (not connected to UPM process).
[Package Manager] Cannot connect to Unity Package Manager local server
Mono: successfully reloaded assembly
- Finished resetting the current domain, in  1.431 seconds
Domain Reload Profiling: 10038ms
	BeginReloadAssembly (303ms)
		ExecutionOrderSort (0ms)
		DisableScriptedObjects (13ms)
		BackupInstance (0ms)
		ReleaseScriptingObjects (1ms)
		CreateAndSetChildDomain (43ms)
	RebuildCommonClasses (55ms)
	RebuildNativeTypeToScriptingClass (18ms)
	initialDomainReloadingComplete (82ms)
	LoadAllAssembliesAndSetupDomain (8148ms)
		LoadAssemblies (7909ms)
		RebuildTransferFunctionScriptingTraits (0ms)
		AnalyzeDomain (395ms)
			TypeCache.Refresh (358ms)
				TypeCache.ScanAssembly (257ms)
			ScanForSourceGeneratedMonoScriptInfo (28ms)
			ResolveRequiredComponents (6ms)
	FinalizeReload (1432ms)
		ReleaseScriptCaches (0ms)
		RebuildScriptCaches (0ms)
		SetupLoadedEditorAssemblies (1174ms)
			LogAssemblyErrors (0ms)
			InitializePlatformSupportModulesInManaged (11ms)
			SetLoadedEditorAssemblies (6ms)
			RefreshPlugins (0ms)
			BeforeProcessingInitializeOnLoad (260ms)
			ProcessInitializeOnLoadAttributes (848ms)
			ProcessInitializeOnLoadMethodAttributes (38ms)
			AfterProcessingInitializeOnLoad (11ms)
			EditorAssembliesLoaded (0ms)
		ExecutionOrderSort2 (0ms)
		AwakeInstancesAfterBackupRestoration (9ms)
Launched and connected shader compiler UnityShaderCompiler.exe after 0.11 seconds
Refreshing native plugins compatible for Editor in 6.63 ms, found 3 plugins.
Preloading 0 native plugins for Editor in 0.00 ms.
Unloading 3342 Unused Serialized files (Serialized files now loaded: 0)
Unloading 46 unused Assets / (131.2 KB). Loaded Objects now: 3814.
Memory consumption went from 207.0 MB to 206.8 MB.
Total: 31.403400 ms (FindLiveObjects: 0.392500 ms CreateObjectMapping: 0.415600 ms MarkObjects: 30.095300 ms  DeleteObjects: 0.497700 ms)

AssetImportParameters requested are different than current active one (requested -> active):
  custom:container-demuxer-ogg: 62fdf1f143b41e24485cea50d1cbac27 -> 
  custom:video-decoder-ogg-theora: a1e56fd34408186e4bbccfd4996cb3dc -> 
  custom:framework-win-MediaFoundation: 216162199b28c13a410421893ffa2e32 -> 
  custom:CustomObjectIndexerAttribute: 9a22284fe3817be447336de3de66b15e -> 
  custom:container-demuxer-webm: 4f35f7cbe854078d1ac9338744f61a02 -> 
  custom:container-muxer-webm: aa71ff27fc2769a1b78a27578f13a17b -> 
  custom:video-decoder-webm-vp8: 9c59270c3fd7afecdb556c50c9e8de78 -> 
  custom:SearchIndexIgnoredProperties: e643bd26f0fe6173181afceb89e7c659 -> 
  custom:AudioImporter_EditorPlatform: d09bf68614088b80899f8185d706f6e7 -> 
  custom:video-encoder-webm-vp8: eb34c28f22e8b96e1ab97ce403110664 -> 
  custom:audio-decoder-ogg-vorbis: bf7c407c2cedff20999df2af8eb42d56 -> 
  custom:audio-encoder-webm-vorbis: bf7c407c2cedff20999df2af8eb42d56 -> 
========================================================================
Received Import Request.
  Time since last request: 360266.621846 seconds.
  path: Assets/Prefabs/Vehicle with Separated Wheels/Tram.prefab
  artifactKey: Guid(c730bd350f19d4d49a7c9dff05e539f0) Importer(815301076,1909f56bfc062723c751e8b465ee728b)
Start importing Assets/Prefabs/Vehicle with Separated Wheels/Tram.prefab using Guid(c730bd350f19d4d49a7c9dff05e539f0) Importer(815301076,1909f56bfc062723c751e8b465ee728b)  -> (artifact id: '1295bf797e062087de565257d8987154') in 0.316204 seconds
Number of updated asset objects reloaded before import = 0
Number of asset objects unloaded after import = 11
========================================================================
Received Import Request.
  Time since last request: 0.000058 seconds.
  path: Assets/Prefabs/Vehicle with Separated Wheels/Bus.prefab
  artifactKey: Guid(f92cfb2374d49a04c8c7cffcf73ed60d) Importer(815301076,1909f56bfc062723c751e8b465ee728b)
Start importing Assets/Prefabs/Vehicle with Separated Wheels/Bus.prefab using Guid(f92cfb2374d49a04c8c7cffcf73ed60d) Importer(815301076,1909f56bfc062723c751e8b465ee728b)  -> (artifact id: 'df64ef5654c87e3eaaa9524c6f0b136c') in 0.024550 seconds
Number of updated asset objects reloaded before import = 0
Number of asset objects unloaded after import = 11
========================================================================
Received Import Request.
  Time since last request: 0.000029 seconds.
  path: Assets/Prefabs/Vehicle with Separated Wheels/CarSczanieckiej.prefab
  artifactKey: Guid(9f5dc0c19173b944191155db0e01a142) Importer(815301076,1909f56bfc062723c751e8b465ee728b)
Start importing Assets/Prefabs/Vehicle with Separated Wheels/CarSczanieckiej.prefab using Guid(9f5dc0c19173b944191155db0e01a142) Importer(815301076,1909f56bfc062723c751e8b465ee728b)  -> (artifact id: 'c5bea2fa42dc8bbc07549a90f0c9e4ca') in 0.107512 seconds
Number of updated asset objects reloaded before import = 0
Number of asset objects unloaded after import = 11
========================================================================
Received Import Request.
  Time since last request: 6.012627 seconds.
  path: Assets/Prefabs/Vehicle with Separated Wheels/Bus.prefab
  artifactKey: Guid(f92cfb2374d49a04c8c7cffcf73ed60d) Importer(815301076,1909f56bfc062723c751e8b465ee728b)
Start importing Assets/Prefabs/Vehicle with Separated Wheels/Bus.prefab using Guid(f92cfb2374d49a04c8c7cffcf73ed60d) Importer(815301076,1909f56bfc062723c751e8b465ee728b)  -> (artifact id: '33287c204e22687aae7d15291d59b739') in 0.038708 seconds
Number of updated asset objects reloaded before import = 0
Number of asset objects unloaded after import = 11
========================================================================
Received Import Request.
  Time since last request: 0.000036 seconds.
  path: Assets/Prefabs/Vehicle with Separated Wheels/Tram.prefab
  artifactKey: Guid(c730bd350f19d4d49a7c9dff05e539f0) Importer(815301076,1909f56bfc062723c751e8b465ee728b)
Start importing Assets/Prefabs/Vehicle with Separated Wheels/Tram.prefab using Guid(c730bd350f19d4d49a7c9dff05e539f0) Importer(815301076,1909f56bfc062723c751e8b465ee728b)  -> (artifact id: '2344a2595d1b1f4dc9ab2202db69d942') in 0.013422 seconds
Number of updated asset objects reloaded before import = 0
Number of asset objects unloaded after import = 11
========================================================================
Received Import Request.
  Time since last request: 0.000018 seconds.
  path: Assets/Prefabs/Vehicle with Separated Wheels/CarSczanieckiej.prefab
  artifactKey: Guid(9f5dc0c19173b944191155db0e01a142) Importer(815301076,1909f56bfc062723c751e8b465ee728b)
Start importing Assets/Prefabs/Vehicle with Separated Wheels/CarSczanieckiej.prefab using Guid(9f5dc0c19173b944191155db0e01a142) Importer(815301076,1909f56bfc062723c751e8b465ee728b)  -> (artifact id: '5acec813731bd3ed349071882dc056d8') in 0.012408 seconds
Number of updated asset objects reloaded before import = 0
Number of asset objects unloaded after import = 11
========================================================================
Received Import Request.
  Time since last request: 102.118107 seconds.
  path: Assets/Prefabs/Vehicle with Separated Wheels/Bus.prefab
  artifactKey: Guid(f92cfb2374d49a04c8c7cffcf73ed60d) Importer(815301076,1909f56bfc062723c751e8b465ee728b)
Start importing Assets/Prefabs/Vehicle with Separated Wheels/Bus.prefab using Guid(f92cfb2374d49a04c8c7cffcf73ed60d) Importer(815301076,1909f56bfc062723c751e8b465ee728b)  -> (artifact id: '5f736836ac603e0e1a5ed47588ad6627') in 0.073921 seconds
Number of updated asset objects reloaded before import = 0
Number of asset objects unloaded after import = 11
========================================================================
Received Import Request.
  Time since last request: 0.000077 seconds.
  path: Assets/Prefabs/Vehicle with Separated Wheels/CarSczanieckiej 1.prefab
  artifactKey: Guid(925544d10036e8c40a95a13271ac6ffb) Importer(815301076,1909f56bfc062723c751e8b465ee728b)
Start importing Assets/Prefabs/Vehicle with Separated Wheels/CarSczanieckiej 1.prefab using Guid(925544d10036e8c40a95a13271ac6ffb) Importer(815301076,1909f56bfc062723c751e8b465ee728b)  -> (artifact id: '43611c74d4f3fb909e576af56197e64b') in 0.018628 seconds
Number of updated asset objects reloaded before import = 0
Number of asset objects unloaded after import = 11
========================================================================
Received Import Request.
  Time since last request: 40.562350 seconds.
  path: Assets/Prefabs/Vehicle with Separated Wheels/Bus.prefab
  artifactKey: Guid(f92cfb2374d49a04c8c7cffcf73ed60d) Importer(815301076,1909f56bfc062723c751e8b465ee728b)
Start importing Assets/Prefabs/Vehicle with Separated Wheels/Bus.prefab using Guid(f92cfb2374d49a04c8c7cffcf73ed60d) Importer(815301076,1909f56bfc062723c751e8b465ee728b)  -> (artifact id: 'a0a757238923ce6a5e504a1062b08d49') in 0.031946 seconds
Number of updated asset objects reloaded before import = 0
Number of asset objects unloaded after import = 11
========================================================================
Received Import Request.
  Time since last request: 0.000033 seconds.
  path: Assets/Prefabs/Vehicle with Separated Wheels/Tram.prefab
  artifactKey: Guid(c730bd350f19d4d49a7c9dff05e539f0) Importer(815301076,1909f56bfc062723c751e8b465ee728b)
Start importing Assets/Prefabs/Vehicle with Separated Wheels/Tram.prefab using Guid(c730bd350f19d4d49a7c9dff05e539f0) Importer(815301076,1909f56bfc062723c751e8b465ee728b)  -> (artifact id: '5e82a11fa1347a2e9143103198a1c6ae') in 0.030273 seconds
Number of updated asset objects reloaded before import = 0
Number of asset objects unloaded after import = 11
========================================================================
Received Import Request.
  Time since last request: 150.047523 seconds.
  path: Assets/Prefabs/Vehicle with Separated Wheels/Bus.prefab
  artifactKey: Guid(f92cfb2374d49a04c8c7cffcf73ed60d) Importer(815301076,1909f56bfc062723c751e8b465ee728b)
Start importing Assets/Prefabs/Vehicle with Separated Wheels/Bus.prefab using Guid(f92cfb2374d49a04c8c7cffcf73ed60d) Importer(815301076,1909f56bfc062723c751e8b465ee728b)  -> (artifact id: 'f270dc5daf6c704826aca79bef068879') in 0.074918 seconds
Number of updated asset objects reloaded before import = 0
Number of asset objects unloaded after import = 11
========================================================================
Received Import Request.
  Time since last request: 0.010689 seconds.
  path: Assets/Prefabs/Vehicle with Separated Wheels/Tram.prefab
  artifactKey: Guid(c730bd350f19d4d49a7c9dff05e539f0) Importer(815301076,1909f56bfc062723c751e8b465ee728b)
Start importing Assets/Prefabs/Vehicle with Separated Wheels/Tram.prefab using Guid(c730bd350f19d4d49a7c9dff05e539f0) Importer(815301076,1909f56bfc062723c751e8b465ee728b)  -> (artifact id: '486712b29a6306e2a6354942f34fb006') in 0.019851 seconds
Number of updated asset objects reloaded before import = 0
Number of asset objects unloaded after import = 11
========================================================================
Received Import Request.
  Time since last request: 3.885883 seconds.
  path: Assets/Prefabs/Vehicle with Separated Wheels/Bus.prefab
  artifactKey: Guid(f92cfb2374d49a04c8c7cffcf73ed60d) Importer(815301076,1909f56bfc062723c751e8b465ee728b)
Start importing Assets/Prefabs/Vehicle with Separated Wheels/Bus.prefab using Guid(f92cfb2374d49a04c8c7cffcf73ed60d) Importer(815301076,1909f56bfc062723c751e8b465ee728b)  -> (artifact id: '3389cbec74132d0cacdbddb50aa00346') in 0.026150 seconds
Number of updated asset objects reloaded before import = 0
Number of asset objects unloaded after import = 11
========================================================================
Received Import Request.
  Time since last request: 0.000035 seconds.
  path: Assets/Prefabs/Vehicle with Separated Wheels/Tram.prefab
  artifactKey: Guid(c730bd350f19d4d49a7c9dff05e539f0) Importer(815301076,1909f56bfc062723c751e8b465ee728b)
Start importing Assets/Prefabs/Vehicle with Separated Wheels/Tram.prefab using Guid(c730bd350f19d4d49a7c9dff05e539f0) Importer(815301076,1909f56bfc062723c751e8b465ee728b)  -> (artifact id: 'f2e59cc5e8822d1d0299a3877d3118e6') in 0.020747 seconds
Number of updated asset objects reloaded before import = 0
Number of asset objects unloaded after import = 11
========================================================================
Received Import Request.
  Time since last request: 0.000098 seconds.
  path: Assets/Prefabs/Vehicle with Separated Wheels/CarSczanieckiej.prefab
  artifactKey: Guid(9f5dc0c19173b944191155db0e01a142) Importer(815301076,1909f56bfc062723c751e8b465ee728b)
Start importing Assets/Prefabs/Vehicle with Separated Wheels/CarSczanieckiej.prefab using Guid(9f5dc0c19173b944191155db0e01a142) Importer(815301076,1909f56bfc062723c751e8b465ee728b)  -> (artifact id: '41cfc14113a8c26fe3dc8a6e1fcb434c') in 0.017563 seconds
Number of updated asset objects reloaded before import = 0
Number of asset objects unloaded after import = 11
